<?xml version="1.0" encoding="UTF-8"?>
<coverage generated="1683114053196" clover="3.2.0">
  <project timestamp="1683114053196" name="All files">
    <metrics statements="14" coveredstatements="14" conditionals="4" coveredconditionals="4" methods="3" coveredmethods="3" elements="21" coveredelements="21" complexity="0" loc="14" ncloc="14" packages="1" files="1" classes="1"/>
    <file name="app.js" path="/Users/nastakukutina/Documents/workspace/properties-and-wrappers/src/js/app.js">
      <metrics statements="14" coveredstatements="14" conditionals="4" coveredconditionals="4" methods="3" coveredmethods="3"/>
      <line num="2" count="2" type="stmt"/>
      <line num="3" count="2" type="stmt"/>
      <line num="4" count="2" type="stmt"/>
      <line num="5" count="4" type="stmt"/>
      <line num="6" count="18" type="cond" truecount="2" falsecount="0"/>
      <line num="7" count="4" type="stmt"/>
      <line num="8" count="4" type="stmt"/>
      <line num="12" count="2" type="stmt"/>
      <line num="13" count="2" type="stmt"/>
      <line num="14" count="6" type="stmt"/>
      <line num="16" count="8" type="cond" truecount="2" falsecount="0"/>
      <line num="17" count="2" type="stmt"/>
      <line num="20" count="1" type="stmt"/>
      <line num="28" count="1" type="stmt"/>
    </file>
  </project>
</coverage>
