{"/Users/nastakukutina/Documents/workspace/properties-and-wrappers/src/js/app.js": {"path":"/Users/nastakukutina/Documents/workspace/properties-and-wrappers/src/js/app.js","statementMap":{"0":{"start":{"line":2,"column":17},"end":{"line":2,"column":35}},"1":{"start":{"line":3,"column":17},"end":{"line":3,"column":19}},"2":{"start":{"line":4,"column":2},"end":{"line":11,"column":5}},"3":{"start":{"line":5,"column":4},"end":{"line":10,"column":5}},"4":{"start":{"line":6,"column":6},"end":{"line":9,"column":7}},"5":{"start":{"line":7,"column":8},"end":{"line":7,"column":64}},"6":{"start":{"line":8,"column":8},"end":{"line":8,"column":27}},"7":{"start":{"line":12,"column":19},"end":{"line":12,"column":21}},"8":{"start":{"line":13,"column":2},"end":{"line":15,"column":3}},"9":{"start":{"line":14,"column":4},"end":{"line":14,"column":62}},"10":{"start":{"line":16,"column":2},"end":{"line":16,"column":50}},"11":{"start":{"line":16,"column":26},"end":{"line":16,"column":48}},"12":{"start":{"line":17,"column":2},"end":{"line":17,"column":34}},"13":{"start":{"line":20,"column":12},"end":{"line":26,"column":1}}},"fnMap":{"0":{"name":"orderByProps","decl":{"start":{"line":1,"column":9},"end":{"line":1,"column":21}},"loc":{"start":{"line":1,"column":32},"end":{"line":18,"column":1}},"line":1},"1":{"name":"(anonymous_1)","decl":{"start":{"line":4,"column":14},"end":{"line":4,"column":15}},"loc":{"start":{"line":4,"column":24},"end":{"line":11,"column":3}},"line":4},"2":{"name":"(anonymous_2)","decl":{"start":{"line":16,"column":16},"end":{"line":16,"column":17}},"loc":{"start":{"line":16,"column":26},"end":{"line":16,"column":48}},"line":16}},"branchMap":{"0":{"loc":{"start":{"line":6,"column":6},"end":{"line":9,"column":7}},"type":"if","locations":[{"start":{"line":6,"column":6},"end":{"line":9,"column":7}},{"start":{},"end":{}}],"line":6},"1":{"loc":{"start":{"line":16,"column":26},"end":{"line":16,"column":48}},"type":"cond-expr","locations":[{"start":{"line":16,"column":42},"end":{"line":16,"column":43}},{"start":{"line":16,"column":46},"end":{"line":16,"column":48}}],"line":16}},"s":{"0":1,"1":1,"2":1,"3":2,"4":9,"5":2,"6":2,"7":1,"8":1,"9":3,"10":1,"11":4,"12":1,"13":1},"f":{"0":1,"1":2,"2":4},"b":{"0":[2,7],"1":[2,2]},"_coverageSchema":"1a1c01bbd47fc00a2c39e90264f33305004495a9","hash":"7697d138b6eb08e6e7ca49f3ca3d199a949b70fd"}
,"/Users/nastakukutina/Documents/workspace/properties-and-wrappers/src/js/destructuring-hard.js": {"path":"/Users/nastakukutina/Documents/workspace/properties-and-wrappers/src/js/destructuring-hard.js","statementMap":{"0":{"start":{"line":1,"column":18},"end":{"line":8,"column":1}},"1":{"start":{"line":11,"column":16},"end":{"line":18,"column":3}},"2":{"start":{"line":19,"column":17},"end":{"line":19,"column":19}},"3":{"start":{"line":27,"column":6},"end":{"line":27,"column":9}},"4":{"start":{"line":28,"column":2},"end":{"line":28,"column":32}},"5":{"start":{"line":29,"column":2},"end":{"line":29,"column":48}},"6":{"start":{"line":30,"column":2},"end":{"line":30,"column":28}},"7":{"start":{"line":31,"column":2},"end":{"line":31,"column":30}},"8":{"start":{"line":32,"column":2},"end":{"line":32,"column":28}},"9":{"start":{"line":33,"column":2},"end":{"line":33,"column":26}},"10":{"start":{"line":36,"column":0},"end":{"line":36,"column":33}}},"fnMap":{"0":{"name":"getState","decl":{"start":{"line":10,"column":9},"end":{"line":10,"column":17}},"loc":{"start":{"line":10,"column":23},"end":{"line":34,"column":1}},"line":10}},"branchMap":{},"s":{"0":1,"1":2,"2":2,"3":2,"4":2,"5":2,"6":2,"7":2,"8":2,"9":2,"10":1},"f":{"0":2},"b":{},"_coverageSchema":"1a1c01bbd47fc00a2c39e90264f33305004495a9","hash":"ec6dca556271694b2a92944c1d7ce9f1d6b1ecee"}
,"/Users/nastakukutina/Documents/workspace/properties-and-wrappers/src/js/destructuring.js": {"path":"/Users/nastakukutina/Documents/workspace/properties-and-wrappers/src/js/destructuring.js","statementMap":{"0":{"start":{"line":1,"column":12},"end":{"line":21,"column":1}},"1":{"start":{"line":24,"column":2},"end":{"line":28,"column":5}},"2":{"start":{"line":25,"column":4},"end":{"line":27,"column":5}},"3":{"start":{"line":26,"column":6},"end":{"line":26,"column":47}},"4":{"start":{"line":29,"column":2},"end":{"line":29,"column":17}},"5":{"start":{"line":32,"column":0},"end":{"line":32,"column":29}}},"fnMap":{"0":{"name":"getSpecial","decl":{"start":{"line":23,"column":9},"end":{"line":23,"column":19}},"loc":{"start":{"line":23,"column":33},"end":{"line":30,"column":1}},"line":23},"1":{"name":"(anonymous_1)","decl":{"start":{"line":24,"column":18},"end":{"line":24,"column":19}},"loc":{"start":{"line":24,"column":28},"end":{"line":28,"column":3}},"line":24}},"branchMap":{"0":{"loc":{"start":{"line":25,"column":4},"end":{"line":27,"column":5}},"type":"if","locations":[{"start":{"line":25,"column":4},"end":{"line":27,"column":5}},{"start":{},"end":{}}],"line":25}},"s":{"0":1,"1":2,"2":4,"3":1,"4":2,"5":1},"f":{"0":2,"1":4},"b":{"0":[1,3]},"_coverageSchema":"1a1c01bbd47fc00a2c39e90264f33305004495a9","hash":"821980395ac273098762204e521ec286af5fa228"}
}
