{"/Users/nastakukutina/Documents/workspace/properties-and-wrappers/src/js/app.js": {"path":"/Users/nastakukutina/Documents/workspace/properties-and-wrappers/src/js/app.js","statementMap":{"0":{"start":{"line":2,"column":17},"end":{"line":2,"column":35}},"1":{"start":{"line":3,"column":17},"end":{"line":3,"column":19}},"2":{"start":{"line":4,"column":2},"end":{"line":11,"column":5}},"3":{"start":{"line":5,"column":4},"end":{"line":10,"column":5}},"4":{"start":{"line":6,"column":6},"end":{"line":9,"column":7}},"5":{"start":{"line":7,"column":8},"end":{"line":7,"column":64}},"6":{"start":{"line":8,"column":8},"end":{"line":8,"column":27}},"7":{"start":{"line":12,"column":19},"end":{"line":12,"column":21}},"8":{"start":{"line":13,"column":2},"end":{"line":15,"column":3}},"9":{"start":{"line":14,"column":4},"end":{"line":14,"column":62}},"10":{"start":{"line":16,"column":2},"end":{"line":16,"column":50}},"11":{"start":{"line":16,"column":26},"end":{"line":16,"column":48}},"12":{"start":{"line":17,"column":2},"end":{"line":17,"column":34}},"13":{"start":{"line":20,"column":12},"end":{"line":26,"column":1}},"14":{"start":{"line":28,"column":0},"end":{"line":28,"column":52}}},"fnMap":{"0":{"name":"orderByProps","decl":{"start":{"line":1,"column":9},"end":{"line":1,"column":21}},"loc":{"start":{"line":1,"column":32},"end":{"line":18,"column":1}},"line":1},"1":{"name":"(anonymous_1)","decl":{"start":{"line":4,"column":14},"end":{"line":4,"column":15}},"loc":{"start":{"line":4,"column":24},"end":{"line":11,"column":3}},"line":4},"2":{"name":"(anonymous_2)","decl":{"start":{"line":16,"column":16},"end":{"line":16,"column":17}},"loc":{"start":{"line":16,"column":26},"end":{"line":16,"column":48}},"line":16}},"branchMap":{"0":{"loc":{"start":{"line":6,"column":6},"end":{"line":9,"column":7}},"type":"if","locations":[{"start":{"line":6,"column":6},"end":{"line":9,"column":7}},{"start":{},"end":{}}],"line":6},"1":{"loc":{"start":{"line":16,"column":26},"end":{"line":16,"column":48}},"type":"cond-expr","locations":[{"start":{"line":16,"column":42},"end":{"line":16,"column":43}},{"start":{"line":16,"column":46},"end":{"line":16,"column":48}}],"line":16}},"s":{"0":2,"1":2,"2":2,"3":4,"4":18,"5":4,"6":4,"7":2,"8":2,"9":6,"10":2,"11":8,"12":2,"13":1,"14":1},"f":{"0":2,"1":4,"2":8},"b":{"0":[4,14],"1":[4,4]},"_coverageSchema":"1a1c01bbd47fc00a2c39e90264f33305004495a9","hash":"4113652f80cfd416844cc523a7f339a77537e720"}
}
