TN:
SF:src/js/app.js
FN:1,orderByProps
FN:4,(anonymous_1)
FN:16,(anonymous_2)
FNF:3
FNH:3
FNDA:1,orderByProps
FNDA:2,(anonymous_1)
FNDA:4,(anonymous_2)
DA:2,1
DA:3,1
DA:4,1
DA:5,2
DA:6,9
DA:7,2
DA:8,2
DA:12,1
DA:13,1
DA:14,3
DA:16,4
DA:17,1
DA:20,1
LF:13
LH:13
BRDA:6,0,0,2
BRDA:6,0,1,7
BRDA:16,1,0,2
BRDA:16,1,1,2
BRF:4
BRH:4
end_of_record
TN:
SF:src/js/destructuring.js
FN:23,getSpecial
FN:24,(anonymous_1)
FNF:2
FNH:2
FNDA:2,getSpecial
FNDA:4,(anonymous_1)
DA:1,1
DA:24,2
DA:25,4
DA:26,1
DA:29,2
DA:32,1
LF:6
LH:6
BRDA:25,0,0,1
BRDA:25,0,1,3
BRF:2
BRH:2
end_of_record
